2026-06-06T22:53:07.572+05:30  INFO 5296 --- [payment-service] [restartedMain] c.m.e.p.PaymentServiceApplication        : Starting PaymentServiceApplication using Java 21.0.10 with PID 5296 (D:\SpringInitializr\The_Zipped\MicroService-Individual\payment-service\target\classes started by SOMENATH in D:\SpringInitializr\The_Zipped\MicroService-Individual\payment-service)
2026-06-06T22:53:07.574+05:30 DEBUG 5296 --- [payment-service] [restartedMain] c.m.e.p.PaymentServiceApplication        : Running with Spring Boot v3.5.14, Spring v6.2.18
2026-06-06T22:53:07.575+05:30  INFO 5296 --- [payment-service] [restartedMain] c.m.e.p.PaymentServiceApplication        : No active profile set, falling back to 1 default profile: "default"
2026-06-06T22:53:07.651+05:30  INFO 5296 --- [payment-service] [restartedMain] .e.DevToolsPropertyDefaultsPostProcessor : Devtools property defaults active! Set 'spring.devtools.add-properties' to 'false' to disable
2026-06-06T22:53:07.652+05:30  INFO 5296 --- [payment-service] [restartedMain] .e.DevToolsPropertyDefaultsPostProcessor : For additional web related logging consider setting the 'logging.level.web' property to 'DEBUG'
2026-06-06T22:53:08.160+05:30  INFO 5296 --- [payment-service] [restartedMain] .s.d.r.c.RepositoryConfigurationDelegate : Bootstrapping Spring Data JPA repositories in DEFAULT mode.
2026-06-06T22:53:08.266+05:30  INFO 5296 --- [payment-service] [restartedMain] .s.d.r.c.RepositoryConfigurationDelegate : Finished Spring Data repository scanning in 77 ms. Found 1 JPA repository interface.
2026-06-06T22:53:08.445+05:30  INFO 5296 --- [payment-service] [restartedMain] o.s.cloud.context.scope.GenericScope     : BeanFactory id=afdd5265-f1f1-3842-8edf-956b3ea3f338
2026-06-06T22:53:08.834+05:30  INFO 5296 --- [payment-service] [restartedMain] o.s.b.w.embedded.tomcat.TomcatWebServer  : Tomcat initialized with port 8083 (http)
2026-06-06T22:53:08.846+05:30  INFO 5296 --- [payment-service] [restartedMain] o.apache.catalina.core.StandardService   : Starting service [Tomcat]
2026-06-06T22:53:08.847+05:30  INFO 5296 --- [payment-service] [restartedMain] o.apache.catalina.core.StandardEngine    : Starting Servlet engine: [Apache Tomcat/10.1.54]
2026-06-06T22:53:08.937+05:30  INFO 5296 --- [payment-service] [restartedMain] o.a.c.c.C.[Tomcat].[localhost].[/]       : Initializing Spring embedded WebApplicationContext
2026-06-06T22:53:08.937+05:30  INFO 5296 --- [payment-service] [restartedMain] w.s.c.ServletWebServerApplicationContext : Root WebApplicationContext: initialization completed in 1285 ms
2026-06-06T22:53:09.052+05:30  INFO 5296 --- [payment-service] [restartedMain] o.hibernate.jpa.internal.util.LogHelper  : HHH000204: Processing PersistenceUnitInfo [name: default]
2026-06-06T22:53:09.084+05:30  INFO 5296 --- [payment-service] [restartedMain] org.hibernate.Version                    : HHH000412: Hibernate ORM core version 6.6.49.Final
2026-06-06T22:53:09.100+05:30  INFO 5296 --- [payment-service] [restartedMain] o.h.c.internal.RegionFactoryInitiator    : HHH000026: Second-level cache disabled
2026-06-06T22:53:09.246+05:30  INFO 5296 --- [payment-service] [restartedMain] o.s.o.j.p.SpringPersistenceUnitInfo      : No LoadTimeWeaver setup: ignoring JPA class transformer
2026-06-06T22:53:09.270+05:30  INFO 5296 --- [payment-service] [restartedMain] com.zaxxer.hikari.HikariDataSource       : HikariPool-1 - Starting...
2026-06-06T22:53:09.531+05:30  INFO 5296 --- [payment-service] [restartedMain] com.zaxxer.hikari.pool.HikariPool        : HikariPool-1 - Added connection com.mysql.cj.jdbc.ConnectionImpl@6aa74dd2
2026-06-06T22:53:09.547+05:30  INFO 5296 --- [payment-service] [restartedMain] com.zaxxer.hikari.HikariDataSource       : HikariPool-1 - Start completed.
2026-06-06T22:53:09.598+05:30  INFO 5296 --- [payment-service] [restartedMain] org.hibernate.orm.connections.pooling    : HHH10001005: Database info:
	Database JDBC URL [Connecting through datasource 'HikariDataSource (HikariPool-1)']
	Database driver: undefined/unknown
	Database version: 8.0.45
	Autocommit mode: undefined/unknown
	Isolation level: undefined/unknown
	Minimum pool size: undefined/unknown
	Maximum pool size: undefined/unknown
2026-06-06T22:53:10.096+05:30  INFO 5296 --- [payment-service] [restartedMain] o.h.e.t.j.p.i.JtaPlatformInitiator       : HHH000489: No JTA platform available (set 'hibernate.transaction.jta.platform' to enable JTA platform integration)
2026-06-06T22:53:10.131+05:30  INFO 5296 --- [payment-service] [restartedMain] j.LocalContainerEntityManagerFactoryBean : Initialized JPA EntityManagerFactory for persistence unit 'default'
2026-06-06T22:53:10.293+05:30  WARN 5296 --- [payment-service] [restartedMain] JpaBaseConfiguration$JpaWebConfiguration : spring.jpa.open-in-view is enabled by default. Therefore, database queries may be performed during view rendering. Explicitly configure spring.jpa.open-in-view to disable this warning
2026-06-06T22:53:10.321+05:30  WARN 5296 --- [payment-service] [restartedMain] o.s.b.d.a.OptionalLiveReloadServer       : Unable to start LiveReload server
2026-06-06T22:53:10.370+05:30  INFO 5296 --- [payment-service] [restartedMain] o.s.c.openfeign.FeignClientFactoryBean   : For 'PRODUCT-SERVICE' URL not provided. Will try picking an instance via load-balancing.
2026-06-06T22:53:10.417+05:30  INFO 5296 --- [payment-service] [restartedMain] o.s.c.openfeign.FeignClientFactoryBean   : For 'ORDER-SERVICE' URL not provided. Will try picking an instance via load-balancing.
2026-06-06T22:53:10.599+05:30  WARN 5296 --- [payment-service] [restartedMain] ion$DefaultTemplateResolverConfiguration : Cannot find template location: classpath:/templates/ (please add some templates, check your Thymeleaf configuration, or set spring.thymeleaf.check-template-location=false)
2026-06-06T22:53:10.760+05:30  INFO 5296 --- [payment-service] [restartedMain] DiscoveryClientOptionalArgsConfiguration : Eureka HTTP Client uses RestTemplate.
2026-06-06T22:53:10.780+05:30  WARN 5296 --- [payment-service] [restartedMain] iguration$LoadBalancerCaffeineWarnLogger : Spring Cloud LoadBalancer is currently working with the default cache. While this cache implementation is useful for development and tests, it's recommended to use Caffeine cache in production.You can switch to using Caffeine cache, by adding it and org.springframework.cache.caffeine.CaffeineCacheManager to the classpath.
2026-06-06T22:53:10.827+05:30  INFO 5296 --- [payment-service] [restartedMain] o.s.c.n.eureka.InstanceInfoFactory       : Setting initial instance status as: STARTING
2026-06-06T22:53:10.843+05:30  INFO 5296 --- [payment-service] [restartedMain] com.netflix.discovery.DiscoveryClient    : Initializing Eureka in region us-east-1
2026-06-06T22:53:10.846+05:30  INFO 5296 --- [payment-service] [restartedMain] c.n.d.s.r.aws.ConfigClusterResolver      : Resolving eureka endpoints via configuration
2026-06-06T22:53:10.851+05:30  INFO 5296 --- [payment-service] [restartedMain] com.netflix.discovery.DiscoveryClient    : Disable delta property : false
2026-06-06T22:53:10.852+05:30  INFO 5296 --- [payment-service] [restartedMain] com.netflix.discovery.DiscoveryClient    : Single vip registry refresh property : null
2026-06-06T22:53:10.852+05:30  INFO 5296 --- [payment-service] [restartedMain] com.netflix.discovery.DiscoveryClient    : Force full registry fetch : false
2026-06-06T22:53:10.852+05:30  INFO 5296 --- [payment-service] [restartedMain] com.netflix.discovery.DiscoveryClient    : Application is null : false
2026-06-06T22:53:10.852+05:30  INFO 5296 --- [payment-service] [restartedMain] com.netflix.discovery.DiscoveryClient    : Registered Applications size is zero : true
2026-06-06T22:53:10.852+05:30  INFO 5296 --- [payment-service] [restartedMain] com.netflix.discovery.DiscoveryClient    : Application version is -1: true
2026-06-06T22:53:10.852+05:30  INFO 5296 --- [payment-service] [restartedMain] com.netflix.discovery.DiscoveryClient    : Getting all instance registry info from the eureka server
2026-06-06T22:53:11.083+05:30  INFO 5296 --- [payment-service] [restartedMain] com.netflix.discovery.DiscoveryClient    : The response status is 200
2026-06-06T22:53:11.085+05:30  INFO 5296 --- [payment-service] [restartedMain] com.netflix.discovery.DiscoveryClient    : Starting heartbeat executor: renew interval is: 30
2026-06-06T22:53:11.087+05:30  INFO 5296 --- [payment-service] [restartedMain] c.n.discovery.InstanceInfoReplicator     : InstanceInfoReplicator onDemand update allowed rate per min is 4
2026-06-06T22:53:11.088+05:30  INFO 5296 --- [payment-service] [restartedMain] com.netflix.discovery.DiscoveryClient    : Discovery Client initialized at timestamp 1780766591088 with initial instances count: 2
2026-06-06T22:53:11.091+05:30  INFO 5296 --- [payment-service] [restartedMain] o.s.c.n.e.s.EurekaServiceRegistry        : Registering application PAYMENT-SERVICE with eureka with status UP
2026-06-06T22:53:11.092+05:30  INFO 5296 --- [payment-service] [restartedMain] com.netflix.discovery.DiscoveryClient    : Saw local status change event StatusChangeEvent [timestamp=1780766591092, current=UP, previous=STARTING]
2026-06-06T22:53:11.093+05:30  INFO 5296 --- [payment-service] [DiscoveryClient-InstanceInfoReplicator-%d] com.netflix.discovery.DiscoveryClient    : DiscoveryClient_PAYMENT-SERVICE/LAPTOP-R7OQ42VU:payment-service:8083: registering service...
2026-06-06T22:53:11.125+05:30  INFO 5296 --- [payment-service] [DiscoveryClient-InstanceInfoReplicator-%d] com.netflix.discovery.DiscoveryClient    : DiscoveryClient_PAYMENT-SERVICE/LAPTOP-R7OQ42VU:payment-service:8083 - registration status: 204
2026-06-06T22:53:11.154+05:30  INFO 5296 --- [payment-service] [restartedMain] o.s.b.w.embedded.tomcat.TomcatWebServer  : Tomcat started on port 8083 (http) with context path '/'
2026-06-06T22:53:11.155+05:30  INFO 5296 --- [payment-service] [restartedMain] .s.c.n.e.s.EurekaAutoServiceRegistration : Updating port to 8083
2026-06-06T22:53:11.163+05:30  INFO 5296 --- [payment-service] [restartedMain] c.m.e.p.PaymentServiceApplication        : Started PaymentServiceApplication in 3.887 seconds (process running for 4.465)
2026-06-06T22:58:10.867+05:30  INFO 5296 --- [payment-service] [AsyncResolver-bootstrap-executor-%d] c.n.d.s.r.aws.ConfigClusterResolver      : Resolving eureka endpoints via configuration
